[2024-10-20T16-58-16.392612]: <info> Build version: 242.0.19990.21372.2024-09-24T11:52:24
[2024-10-20T16-58-16.392765]: <info> Command line arguments: C:\Windows\TEMP\jetbrainsproc_4d3de62c-9794-461a-a8da-d356a19cbb0a\JetBrains.Dpa.Collector.exe -s 8 
[2024-10-20T16-58-16.393261]: <info> pipes server: Host command arrived: 0
[2024-10-20T16-58-16.393304]: <info> pipes server: Send protocol version 254
[2024-10-20T16-58-16.393375]: <info> pipes server: Host command arrived: 3
[2024-10-20T16-58-16.393429]: <info> pipes server: Skip arguments: -s 8 
[2024-10-20T16-58-16.393624]: <info> pipes server: Host command arrived: 2
[2024-10-20T16-58-16.393784]: <info> pipes server: Start listen clients
[2024-10-20T16-58-16.508288]: <info> pipes server: Run client
[2024-10-20T16-58-16.508767]: <info> clients communicator: 1 processing started
[2024-10-20T16-58-16.878565]: <info> clients communicator: 1 command received:4
[2024-10-20T16-58-16.878620]: <info> clients communicator: 1 start_collecting_processes, handle: 1740 client owner pid: 15108
[2024-10-20T16-58-16.878926]: <info> events_multicast: add_handler
[2024-10-20T16-58-16.878946]: <info> events_multicast: create consumer
[2024-10-20T16-58-16.878957]: <info>  provider_start_info: guid: 22fb2cd6-0e7b-422b-a0c7-2fad1fd0e716 event_mask: 10
[2024-10-20T16-58-16.879347]: <info> starting consumer: JetBrains-Dpa-Process-13604
[2024-10-20T16-58-16.879524]: <debug> process_etw_events_handler: ~process_etw_events_handler gatherer: false
[2024-10-20T16-58-16.879541]: <info> collector client: process session id: 0
[2024-10-20T16-58-16.879551]: <info> clients communicator: 1 send answer ok, session_id:0
[2024-10-20T16-58-27.316564]: <debug> process_info: OpenProcess failed: pid: 14828
[2024-10-20T16-58-27.316626]: <debug> process_info: OpenProcess failed: pid: 2188
[2024-10-20T16-58-27.316640]: <debug> process_info: OpenProcess failed: pid: 10648
[2024-10-20T16-58-27.316670]: <debug> process_info: OpenProcess failed: pid: 1372
[2024-10-20T16-58-27.316684]: <debug> process_info: OpenProcess failed: pid: 10920
[2024-10-20T16-58-27.316696]: <debug> process_info: OpenProcess failed: pid: 11656
[2024-10-20T16-58-27.316722]: <debug> process_info: OpenProcess failed: pid: 12604
[2024-10-20T16-58-27.316736]: <debug> process_info: OpenProcess failed: pid: 9296
[2024-10-20T16-58-27.316747]: <debug> process_info: OpenProcess failed: pid: 10780
[2024-10-20T16-58-29.793090]: <debug> process_info: OpenProcess failed: pid: 10048
[2024-10-20T16-58-29.793141]: <debug> process_info: OpenProcess failed: pid: 15028
[2024-10-20T16-58-33.027296]: <debug> process_info: OpenProcess failed: pid: 6980
[2024-10-20T16-58-33.027334]: <debug> process_info: OpenProcess failed: pid: 3880
[2024-10-20T16-58-40.081674]: <debug> process_info: OpenProcess failed: pid: 13188
[2024-10-20T16-58-40.081728]: <debug> process_info: OpenProcess failed: pid: 2188
[2024-10-20T16-58-40.081747]: <debug> process_info: OpenProcess failed: pid: 10172
[2024-10-20T16-58-40.081782]: <debug> process_info: OpenProcess failed: pid: 14188
[2024-10-20T16-58-40.081944]: <debug> process_info: OpenProcess failed: pid: 10316
[2024-10-20T16-58-40.081963]: <debug> process_info: OpenProcess failed: pid: 13480
[2024-10-20T16-58-49.840279]: <debug> process_info: OpenProcess failed: pid: 5556
[2024-10-20T16-58-49.840322]: <debug> process_info: OpenProcess failed: pid: 6488
[2024-10-20T16-58-49.840336]: <debug> process_info: OpenProcess failed: pid: 5136
[2024-10-20T16-58-49.840370]: <debug> process_info: OpenProcess failed: pid: 14652
[2024-10-20T16-58-49.840386]: <debug> process_info: OpenProcess failed: pid: 2188
[2024-10-20T16-58-49.840398]: <debug> process_info: OpenProcess failed: pid: 11564
[2024-10-20T16-59-13.075101]: <info> clients communicator: 1 command received:5
[2024-10-20T16-59-13.075147]: <info> clients communicator: 1 stop_collecting, session_id: 0
[2024-10-20T16-59-13.075159]: <info> collector client: stop_collecting, session_id:0
[2024-10-20T16-59-13.075170]: <info> etw collector client: stop process_events_consumer_, session_id:0
[2024-10-20T16-59-13.075261]: <info> events_multicast: remove_handler
[2024-10-20T16-59-13.075276]: <debug> process_etw_events_handler: ~process_etw_events_handler gatherer: true
[2024-10-20T16-59-13.075303]: <info> events_multicast: reset consumer not required
[2024-10-20T16-59-13.075831]: <info> consumer stopped: JetBrains-Dpa-Process-13604
[2024-10-20T16-59-13.075875]: <info> etw collector client: consumers stopped, session_id:0
[2024-10-20T16-59-13.075906]: <info> collector client: collecting stopped, session_id:0
[2024-10-20T16-59-13.075917]: <info> clients communicator: 1 send answer ok
