[2024-10-21T21-47-08.602553]: <info> Build version: 242.0.19990.21372.2024-09-24T11:52:24
[2024-10-21T21-47-08.602745]: <info> Command line arguments: C:\Windows\TEMP\jetbrainsproc_14e57f16-aa0a-4530-97c9-5e2dc648ebe8\JetBrains.Dpa.Collector.exe -s 8 
[2024-10-21T21-47-08.603196]: <info> pipes server: Host command arrived: 0
[2024-10-21T21-47-08.603250]: <info> pipes server: Send protocol version 254
[2024-10-21T21-47-08.603327]: <info> pipes server: Host command arrived: 3
[2024-10-21T21-47-08.603392]: <info> pipes server: Skip arguments: -s 8 
[2024-10-21T21-47-08.603611]: <info> pipes server: Host command arrived: 2
[2024-10-21T21-47-08.603794]: <info> pipes server: Start listen clients
[2024-10-21T21-47-08.718712]: <info> pipes server: Run client
[2024-10-21T21-47-08.719142]: <info> clients communicator: 1 processing started
[2024-10-21T21-47-09.127227]: <info> clients communicator: 1 command received:4
[2024-10-21T21-47-09.127278]: <info> clients communicator: 1 start_collecting_processes, handle: 1752 client owner pid: 9788
[2024-10-21T21-47-09.127592]: <info> events_multicast: add_handler
[2024-10-21T21-47-09.127610]: <info> events_multicast: create consumer
[2024-10-21T21-47-09.127620]: <info>  provider_start_info: guid: 22fb2cd6-0e7b-422b-a0c7-2fad1fd0e716 event_mask: 10
[2024-10-21T21-47-09.127951]: <info> starting consumer: JetBrains-Dpa-Process-13480
[2024-10-21T21-47-09.128126]: <debug> process_etw_events_handler: ~process_etw_events_handler gatherer: false
[2024-10-21T21-47-09.128142]: <info> collector client: process session id: 0
[2024-10-21T21-47-09.128152]: <info> clients communicator: 1 send answer ok, session_id:0
[2024-10-21T21-47-35.379584]: <debug> process_info: OpenProcess failed: pid: 13576
[2024-10-21T21-47-35.379663]: <debug> process_info: OpenProcess failed: pid: 4104
[2024-10-21T21-47-35.379675]: <debug> process_info: OpenProcess failed: pid: 13760
[2024-10-21T21-47-35.379706]: <debug> process_info: OpenProcess failed: pid: 9716
[2024-10-21T21-47-35.379719]: <debug> process_info: OpenProcess failed: pid: 13492
[2024-10-21T21-47-35.379729]: <debug> process_info: OpenProcess failed: pid: 13220
[2024-10-21T21-47-35.379754]: <debug> process_info: OpenProcess failed: pid: 8868
[2024-10-21T21-47-35.379765]: <debug> process_info: OpenProcess failed: pid: 2792
[2024-10-21T21-47-35.379775]: <debug> process_info: OpenProcess failed: pid: 9968
[2024-10-21T21-47-53.242076]: <info> clients communicator: 1 command received:5
[2024-10-21T21-47-53.242114]: <info> clients communicator: 1 stop_collecting, session_id: 0
[2024-10-21T21-47-53.242125]: <info> collector client: stop_collecting, session_id:0
[2024-10-21T21-47-53.242135]: <info> etw collector client: stop process_events_consumer_, session_id:0
[2024-10-21T21-47-53.242146]: <info> events_multicast: remove_handler
[2024-10-21T21-47-53.242155]: <debug> process_etw_events_handler: ~process_etw_events_handler gatherer: true
[2024-10-21T21-47-53.242182]: <info> events_multicast: reset consumer not required
[2024-10-21T21-47-53.242717]: <info> consumer stopped: JetBrains-Dpa-Process-13480
[2024-10-21T21-47-53.242780]: <info> etw collector client: consumers stopped, session_id:0
[2024-10-21T21-47-53.242935]: <info> collector client: collecting stopped, session_id:0
[2024-10-21T21-47-53.242949]: <info> clients communicator: 1 send answer ok
